#-----------------------------------------------------------
# Vivado v2022.2 (64-bit)
# SW Build 3671981 on Fri Oct 14 05:00:03 MDT 2022
# IP Build 3669848 on Fri Oct 14 08:30:02 MDT 2022
# Start of session at: Mon Jan 23 20:01:03 2023
# Process ID: 1252
# Current directory: F:/OneDrive - Stichting Hogeschool Utrecht/project/RS232 project
# Command line: vivado.exe -gui_launcher_event rodinguilauncherevent10340 F:\OneDrive - Stichting Hogeschool Utrecht\project\RS232 project\project_2.xpr
# Log file: F:/OneDrive - Stichting Hogeschool Utrecht/project/RS232 project/vivado.log
# Journal file: F:/OneDrive - Stichting Hogeschool Utrecht/project/RS232 project\vivado.jou
# Running On: kasper, OS: Windows, CPU Frequency: 3500 MHz, CPU Physical cores: 4, Host memory: 17056 MB
#-----------------------------------------------------------
start_gui
open_project {F:/OneDrive - Stichting Hogeschool Utrecht/project/RS232 project/project_2.xpr}
WARNING: [Board 49-26] cannot add Board Part xilinx.com:vek280_es:part0:1.0 available at F:/programs/xilinx/Vivado/2022.2/data/xhub/boards/XilinxBoardStore/boards/Xilinx/vek280/es/1.0/board.xml as part xcve2802-vsvh1760-2lp-e-s-es1 specified in board_part file is either invalid or not available
WARNING: [Board 49-26] cannot add Board Part xilinx.com:vhk158_es:part0:1.0 available at F:/programs/xilinx/Vivado/2022.2/data/xhub/boards/XilinxBoardStore/boards/Xilinx/vhk158/es/1.0/board.xml as part xcvh1582-vsva3697-2mp-e-s-es1 specified in board_part file is either invalid or not available
WARNING: [Board 49-26] cannot add Board Part xilinx.com:vpk120_es:part0:1.2 available at F:/programs/xilinx/Vivado/2022.2/data/xhub/boards/XilinxBoardStore/boards/Xilinx/vpk120/es/1.2/board.xml as part xcvp1202-vsva2785-2mp-e-s-es1 specified in board_part file is either invalid or not available
WARNING: [Board 49-26] cannot add Board Part xilinx.com:vpk120_es_revb:part0:1.0 available at F:/programs/xilinx/Vivado/2022.2/data/xhub/boards/XilinxBoardStore/boards/Xilinx/vpk120_revb/es/1.0/board.xml as part xcvp1202-vsva2785-2mp-e-s-es1 specified in board_part file is either invalid or not available
WARNING: [Board 49-26] cannot add Board Part xilinx.com:vpk180_es:part0:1.0 available at F:/programs/xilinx/Vivado/2022.2/data/xhub/boards/XilinxBoardStore/boards/Xilinx/vpk180/es/1.0/board.xml as part xcvp1802-lsvc4072-2mp-e-s-es1 specified in board_part file is either invalid or not available
WARNING: [Board 49-26] cannot add Board Part xilinx.com:zcu208ld:part0:2.0 available at F:/programs/xilinx/Vivado/2022.2/data/xhub/boards/XilinxBoardStore/boards/Xilinx/zcu208ld/production/2.0/board.xml as part xczu58dr-fsvg1517-2-i specified in board_part file is either invalid or not available
WARNING: [Board 49-26] cannot add Board Part xilinx.com:zcu216ld:part0:2.0 available at F:/programs/xilinx/Vivado/2022.2/data/xhub/boards/XilinxBoardStore/boards/Xilinx/zcu216ld/production/2.0/board.xml as part xczu59dr-ffvf1760-2-i specified in board_part file is either invalid or not available
WARNING: [Board 49-26] cannot add Board Part xilinx.com:zcu670:part0:2.0 available at F:/programs/xilinx/Vivado/2022.2/data/xhub/boards/XilinxBoardStore/boards/Xilinx/zcu670/2.0/board.xml as part xczu67dr-fsve1156-2-i specified in board_part file is either invalid or not available
WARNING: [Board 49-26] cannot add Board Part xilinx.com:zcu670ld:part0:1.0 available at F:/programs/xilinx/Vivado/2022.2/data/xhub/boards/XilinxBoardStore/boards/Xilinx/zcu670ld/1.0/board.xml as part xczu57dr-fsve1156-2-i specified in board_part file is either invalid or not available
INFO: [Project 1-313] Project file moved from 'C:/Users/olivi/RS232 project' since last save.
INFO: [filemgmt 56-3] Default IP Output Path : Could not find the directory 'F:/OneDrive - Stichting Hogeschool Utrecht/project/RS232 project/project_2.gen/sources_1'.
Scanning sources...
Finished scanning sources
INFO: [IP_Flow 19-234] Refreshing IP repositories
INFO: [IP_Flow 19-1704] No user IP repositories specified
INFO: [IP_Flow 19-2313] Loaded Vivado IP repository 'F:/programs/xilinx/Vivado/2022.2/data/ip'.
open_project: Time (s): cpu = 00:00:19 ; elapsed = 00:00:20 . Memory (MB): peak = 1717.566 ; gain = 343.047
update_compile_order -fileset sources_1
reset_run synth_1
INFO: [Project 1-1161] Replacing file F:/OneDrive - Stichting Hogeschool Utrecht/project/RS232 project/project_2.srcs/utils_1/imports/synth_1/RS232.dcp with file F:/OneDrive - Stichting Hogeschool Utrecht/project/RS232 project/project_2.runs/synth_1/RS232.dcp
launch_runs impl_1 -to_step write_bitstream -jobs 4
[Mon Jan 23 20:58:42 2023] Launched synth_1...
Run output will be captured here: F:/OneDrive - Stichting Hogeschool Utrecht/project/RS232 project/project_2.runs/synth_1/runme.log
[Mon Jan 23 20:58:43 2023] Launched impl_1...
Run output will be captured here: F:/OneDrive - Stichting Hogeschool Utrecht/project/RS232 project/project_2.runs/impl_1/runme.log
reset_run synth_1
INFO: [Project 1-1161] Replacing file F:/OneDrive - Stichting Hogeschool Utrecht/project/RS232 project/project_2.srcs/utils_1/imports/synth_1/RS232.dcp with file F:/OneDrive - Stichting Hogeschool Utrecht/project/RS232 project/project_2.runs/synth_1/RS232.dcp
launch_runs impl_1 -to_step write_bitstream -jobs 4
[Mon Jan 23 21:05:26 2023] Launched synth_1...
Run output will be captured here: F:/OneDrive - Stichting Hogeschool Utrecht/project/RS232 project/project_2.runs/synth_1/runme.log
[Mon Jan 23 21:05:26 2023] Launched impl_1...
Run output will be captured here: F:/OneDrive - Stichting Hogeschool Utrecht/project/RS232 project/project_2.runs/impl_1/runme.log
open_hw_manager
connect_hw_server -allow_non_jtag
INFO: [Labtools 27-2285] Connecting to hw_server url TCP:localhost:3121
INFO: [Labtools 27-2222] Launching hw_server...
INFO: [Labtools 27-2221] Launch Output:

****** Xilinx hw_server v2022.2
  **** Build date : Oct 14 2022 at 05:18:10
    ** Copyright 1986-2022 Xilinx, Inc. All Rights Reserved.


INFO: [Labtools 27-3415] Connecting to cs_server url TCP:localhost:0
INFO: [Labtools 27-3417] Launching cs_server...
INFO: [Labtools 27-2221] Launch Output:


******** Xilinx cs_server v2022.2.0
  ****** Build date   : Oct 05 2022-01:25:37
    **** Build number : 2022.2.1664925937
      ** Copyright 2017-2023 Xilinx, Inc. All Rights Reserved.



connect_hw_server: Time (s): cpu = 00:00:00 ; elapsed = 00:00:06 . Memory (MB): peak = 1780.430 ; gain = 4.484
open_hw_target
INFO: [Labtoolstcl 44-466] Opening hw_target localhost:3121/xilinx_tcf/Digilent/210183AB3BC8A
open_hw_target: Time (s): cpu = 00:00:06 ; elapsed = 00:00:07 . Memory (MB): peak = 3933.531 ; gain = 2153.102
set_property PROGRAM.FILE {F:/OneDrive - Stichting Hogeschool Utrecht/project/RS232 project/project_2.runs/impl_1/RS232.bit} [get_hw_devices xc7a35t_0]
current_hw_device [get_hw_devices xc7a35t_0]
refresh_hw_device -update_hw_probes false [lindex [get_hw_devices xc7a35t_0] 0]
INFO: [Labtools 27-1435] Device xc7a35t (JTAG device index = 0) is not programmed (DONE status = 0).
set_property PROBES.FILE {} [get_hw_devices xc7a35t_0]
set_property FULL_PROBES.FILE {} [get_hw_devices xc7a35t_0]
set_property PROGRAM.FILE {F:/OneDrive - Stichting Hogeschool Utrecht/project/RS232 project/project_2.runs/impl_1/RS232.bit} [get_hw_devices xc7a35t_0]
program_hw_devices [get_hw_devices xc7a35t_0]
INFO: [Labtools 27-3164] End of startup status: HIGH
refresh_hw_device [lindex [get_hw_devices xc7a35t_0] 0]
INFO: [Labtools 27-1434] Device xc7a35t (JTAG device index = 0) is programmed with a design that has no supported debug core(s) in it.
reset_run synth_1
INFO: [Project 1-1161] Replacing file F:/OneDrive - Stichting Hogeschool Utrecht/project/RS232 project/project_2.srcs/utils_1/imports/synth_1/RS232.dcp with file F:/OneDrive - Stichting Hogeschool Utrecht/project/RS232 project/project_2.runs/synth_1/RS232.dcp
launch_runs impl_1 -to_step write_bitstream -jobs 4
[Mon Jan 23 22:51:10 2023] Launched synth_1...
Run output will be captured here: F:/OneDrive - Stichting Hogeschool Utrecht/project/RS232 project/project_2.runs/synth_1/runme.log
[Mon Jan 23 22:51:10 2023] Launched impl_1...
Run output will be captured here: F:/OneDrive - Stichting Hogeschool Utrecht/project/RS232 project/project_2.runs/impl_1/runme.log
reset_run synth_1
launch_runs synth_1 -jobs 4
[Mon Jan 23 22:56:37 2023] Launched synth_1...
Run output will be captured here: F:/OneDrive - Stichting Hogeschool Utrecht/project/RS232 project/project_2.runs/synth_1/runme.log
reset_run synth_1
launch_runs synth_1 -jobs 4
[Mon Jan 23 22:58:48 2023] Launched synth_1...
Run output will be captured here: F:/OneDrive - Stichting Hogeschool Utrecht/project/RS232 project/project_2.runs/synth_1/runme.log
reset_run synth_1
launch_runs synth_1 -jobs 4
[Mon Jan 23 22:59:53 2023] Launched synth_1...
Run output will be captured here: F:/OneDrive - Stichting Hogeschool Utrecht/project/RS232 project/project_2.runs/synth_1/runme.log
reset_run synth_1
WARNING: [Vivado 12-1017] Problems encountered:
1. Failed to delete one or more files in run directory F:/OneDrive - Stichting Hogeschool Utrecht/project/RS232 project/project_2.runs/synth_1

launch_runs synth_1 -jobs 4
[Mon Jan 23 23:00:21 2023] Launched synth_1...
Run output will be captured here: F:/OneDrive - Stichting Hogeschool Utrecht/project/RS232 project/project_2.runs/synth_1/runme.log
launch_runs impl_1 -jobs 4
[Mon Jan 23 23:01:17 2023] Launched impl_1...
Run output will be captured here: F:/OneDrive - Stichting Hogeschool Utrecht/project/RS232 project/project_2.runs/impl_1/runme.log
launch_runs impl_1 -to_step write_bitstream -jobs 4
[Mon Jan 23 23:03:12 2023] Launched impl_1...
Run output will be captured here: F:/OneDrive - Stichting Hogeschool Utrecht/project/RS232 project/project_2.runs/impl_1/runme.log
set_property PROBES.FILE {} [get_hw_devices xc7a35t_0]
set_property FULL_PROBES.FILE {} [get_hw_devices xc7a35t_0]
set_property PROGRAM.FILE {F:/OneDrive - Stichting Hogeschool Utrecht/project/RS232 project/project_2.runs/impl_1/RS232.bit} [get_hw_devices xc7a35t_0]
program_hw_devices [get_hw_devices xc7a35t_0]
INFO: [Labtools 27-3164] End of startup status: HIGH
refresh_hw_device [lindex [get_hw_devices xc7a35t_0] 0]
INFO: [Labtools 27-1434] Device xc7a35t (JTAG device index = 0) is programmed with a design that has no supported debug core(s) in it.
exit
INFO: [Common 17-206] Exiting Vivado at Mon Jan 23 23:08:41 2023...
