#-----------------------------------------------------------
# Vivado v2022.2 (64-bit)
# SW Build 3671981 on Fri Oct 14 05:00:03 MDT 2022
# IP Build 3669848 on Fri Oct 14 08:30:02 MDT 2022
# Start of session at: Mon Jan 30 13:35:34 2023
# Process ID: 13228
# Current directory: C:/Users/douwe/Desktop/EE jaar 2/periode b/git/Prof-2B-Groep-5-VHDL
# Command line: vivado.exe -gui_launcher_event rodinguilauncherevent10324 C:\Users\douwe\Desktop\EE jaar 2\periode b\git\Prof-2B-Groep-5-VHDL\project_2.xpr
# Log file: C:/Users/douwe/Desktop/EE jaar 2/periode b/git/Prof-2B-Groep-5-VHDL/vivado.log
# Journal file: C:/Users/douwe/Desktop/EE jaar 2/periode b/git/Prof-2B-Groep-5-VHDL\vivado.jou
# Running On: MSI, OS: Windows, CPU Frequency: 2808 MHz, CPU Physical cores: 4, Host memory: 17096 MB
#-----------------------------------------------------------
start_gui
open_project {C:/Users/douwe/Desktop/EE jaar 2/periode b/git/Prof-2B-Groep-5-VHDL/project_2.xpr}
WARNING: [Board 49-26] cannot add Board Part xilinx.com:kc705:part0:1.6 available at D:/Xilinx/Vivado/2022.2/data/xhub/boards/XilinxBoardStore/boards/Xilinx/kc705/1.6/board.xml as part xc7k325tffg900-2 specified in board_part file is either invalid or not available
WARNING: [Board 49-26] cannot add Board Part xilinx.com:kcu105:part0:1.6 available at D:/Xilinx/Vivado/2022.2/data/xhub/boards/XilinxBoardStore/boards/Xilinx/kcu105/1.6/board.xml as part xcku040-ffva1156-2-e specified in board_part file is either invalid or not available
WARNING: [Board 49-26] cannot add Board Part xilinx.com:kcu105:part0:1.7 available at D:/Xilinx/Vivado/2022.2/data/xhub/boards/XilinxBoardStore/boards/Xilinx/kcu105/1.7/board.xml as part xcku040-ffva1156-2-e specified in board_part file is either invalid or not available
WARNING: [Board 49-26] cannot add Board Part xilinx.com:kcu1500:part0:1.2 available at D:/Xilinx/Vivado/2022.2/data/xhub/boards/XilinxBoardStore/boards/Xilinx/kcu1500/1.2/board.xml as part xcku115-flvb2104-2-e specified in board_part file is either invalid or not available
WARNING: [Board 49-26] cannot add Board Part xilinx.com:vc707:part0:1.4 available at D:/Xilinx/Vivado/2022.2/data/xhub/boards/XilinxBoardStore/boards/Xilinx/vc707/1.4/board.xml as part xc7vx485tffg1761-2 specified in board_part file is either invalid or not available
WARNING: [Board 49-26] cannot add Board Part xilinx.com:vc709:part0:1.8 available at D:/Xilinx/Vivado/2022.2/data/xhub/boards/XilinxBoardStore/boards/Xilinx/vc709/1.8/board.xml as part xc7vx690tffg1761-2 specified in board_part file is either invalid or not available
WARNING: [Board 49-26] cannot add Board Part xilinx.com:vck190:part0:2.2 available at D:/Xilinx/Vivado/2022.2/data/xhub/boards/XilinxBoardStore/boards/Xilinx/vck190/production/2.2/board.xml as part xcvc1902-vsva2197-2mp-e-s specified in board_part file is either invalid or not available
WARNING: [Board 49-26] cannot add Board Part xilinx.com:vck190:part0:3.0 available at D:/Xilinx/Vivado/2022.2/data/xhub/boards/XilinxBoardStore/boards/Xilinx/vck190/production/3.0/board.xml as part xcvc1902-vsva2197-2mp-e-s specified in board_part file is either invalid or not available
WARNING: [Board 49-26] cannot add Board Part xilinx.com:vck190:part0:3.1 available at D:/Xilinx/Vivado/2022.2/data/xhub/boards/XilinxBoardStore/boards/Xilinx/vck190/production/3.1/board.xml as part xcvc1902-vsva2197-2mp-e-s specified in board_part file is either invalid or not available
WARNING: [Board 49-26] cannot add Board Part xilinx.com:vck190_newl:part0:1.0 available at D:/Xilinx/Vivado/2022.2/data/xhub/boards/XilinxBoardStore/boards/Xilinx/vck190_newl/production/1.0/board.xml as part xcvc1902-vsva2197-2mp-e-s specified in board_part file is either invalid or not available
WARNING: [Board 49-26] cannot add Board Part xilinx.com:vcu108:part0:1.6 available at D:/Xilinx/Vivado/2022.2/data/xhub/boards/XilinxBoardStore/boards/Xilinx/vcu108/1.6/board.xml as part xcvu095-ffva2104-2-e specified in board_part file is either invalid or not available
WARNING: [Board 49-26] cannot add Board Part xilinx.com:vcu108:part0:1.7 available at D:/Xilinx/Vivado/2022.2/data/xhub/boards/XilinxBoardStore/boards/Xilinx/vcu108/1.7/board.xml as part xcvu095-ffva2104-2-e specified in board_part file is either invalid or not available
WARNING: [Board 49-26] cannot add Board Part xilinx.com:vcu110:part0:1.4 available at D:/Xilinx/Vivado/2022.2/data/xhub/boards/XilinxBoardStore/boards/Xilinx/vcu110/1.4/board.xml as part xcvu190-flgc2104-2-e specified in board_part file is either invalid or not available
WARNING: [Board 49-26] cannot add Board Part xilinx.com:vcu118:part0:2.0 available at D:/Xilinx/Vivado/2022.2/data/xhub/boards/XilinxBoardStore/boards/Xilinx/vcu118/2.0/board.xml as part xcvu9p-flga2104-2l-e specified in board_part file is either invalid or not available
WARNING: [Board 49-26] cannot add Board Part xilinx.com:vcu118:part0:2.3 available at D:/Xilinx/Vivado/2022.2/data/xhub/boards/XilinxBoardStore/boards/Xilinx/vcu118/2.3/board.xml as part xcvu9p-flga2104-2l-e specified in board_part file is either invalid or not available
WARNING: [Board 49-26] cannot add Board Part xilinx.com:vcu118:part0:2.4 available at D:/Xilinx/Vivado/2022.2/data/xhub/boards/XilinxBoardStore/boards/Xilinx/vcu118/2.4/board.xml as part xcvu9p-flga2104-2l-e specified in board_part file is either invalid or not available
WARNING: [Board 49-26] cannot add Board Part xilinx.com:vcu128:part0:1.0 available at D:/Xilinx/Vivado/2022.2/data/xhub/boards/XilinxBoardStore/boards/Xilinx/vcu128/production/1.0/board.xml as part xcvu37p-fsvh2892-2l-e specified in board_part file is either invalid or not available
WARNING: [Board 49-26] cannot add Board Part xilinx.com:vcu129:part0:1.0 available at D:/Xilinx/Vivado/2022.2/data/xhub/boards/XilinxBoardStore/boards/Xilinx/vcu129/production/1.0/board.xml as part xcvu29p-fsga2577-2l-e specified in board_part file is either invalid or not available
WARNING: [Board 49-26] cannot add Board Part xilinx.com:vcu1525:part0:1.3 available at D:/Xilinx/Vivado/2022.2/data/xhub/boards/XilinxBoardStore/boards/Xilinx/vcu1525/1.3/board.xml as part xcvu9p-fsgd2104-2l-e specified in board_part file is either invalid or not available
WARNING: [Board 49-26] cannot add Board Part xilinx.com:vek280_es:part0:1.0 available at D:/Xilinx/Vivado/2022.2/data/xhub/boards/XilinxBoardStore/boards/Xilinx/vek280/es/1.0/board.xml as part xcve2802-vsvh1760-2lp-e-s-es1 specified in board_part file is either invalid or not available
WARNING: [Board 49-26] cannot add Board Part xilinx.com:vermeo_t1_mpsoc:part0:1.0 available at D:/Xilinx/Vivado/2022.2/data/xhub/boards/XilinxBoardStore/boards/Xilinx/vermeo_t1_mpsoc/1.0/board.xml as part xczu19eg-ffvd1760-2l-e specified in board_part file is either invalid or not available
WARNING: [Board 49-26] cannot add Board Part xilinx.com:vermeo_t1_rfsoc:part0:1.0 available at D:/Xilinx/Vivado/2022.2/data/xhub/boards/XilinxBoardStore/boards/Xilinx/vermeo_t1_rfsoc/1.0/board.xml as part xczu21dr-ffvd1156-2l-e specified in board_part file is either invalid or not available
WARNING: [Board 49-26] cannot add Board Part xilinx.com:vhk158_es:part0:1.0 available at D:/Xilinx/Vivado/2022.2/data/xhub/boards/XilinxBoardStore/boards/Xilinx/vhk158/es/1.0/board.xml as part xcvh1582-vsva3697-2mp-e-s-es1 specified in board_part file is either invalid or not available
WARNING: [Board 49-26] cannot add Board Part xilinx.com:vmk180:part0:2.2 available at D:/Xilinx/Vivado/2022.2/data/xhub/boards/XilinxBoardStore/boards/Xilinx/vmk180/production/2.2/board.xml as part xcvm1802-vsva2197-2mp-e-s specified in board_part file is either invalid or not available
WARNING: [Board 49-26] cannot add Board Part xilinx.com:vmk180:part0:3.0 available at D:/Xilinx/Vivado/2022.2/data/xhub/boards/XilinxBoardStore/boards/Xilinx/vmk180/production/3.0/board.xml as part xcvm1802-vsva2197-2mp-e-s specified in board_part file is either invalid or not available
WARNING: [Board 49-26] cannot add Board Part xilinx.com:vmk180:part0:3.1 available at D:/Xilinx/Vivado/2022.2/data/xhub/boards/XilinxBoardStore/boards/Xilinx/vmk180/production/3.1/board.xml as part xcvm1802-vsva2197-2mp-e-s specified in board_part file is either invalid or not available
WARNING: [Board 49-26] cannot add Board Part xilinx.com:vmk180_newl:part0:1.0 available at D:/Xilinx/Vivado/2022.2/data/xhub/boards/XilinxBoardStore/boards/Xilinx/vmk180_newl/production/1.0/board.xml as part xcvm1802-vsva2197-2mp-e-s specified in board_part file is either invalid or not available
WARNING: [Board 49-26] cannot add Board Part xilinx.com:vpk120:part0:1.0 available at D:/Xilinx/Vivado/2022.2/data/xhub/boards/XilinxBoardStore/boards/Xilinx/vpk120/production/1.0/board.xml as part xcvp1202-vsva2785-2mp-e-s specified in board_part file is either invalid or not available
WARNING: [Board 49-26] cannot add Board Part xilinx.com:vpk120_es:part0:1.2 available at D:/Xilinx/Vivado/2022.2/data/xhub/boards/XilinxBoardStore/boards/Xilinx/vpk120/es/1.2/board.xml as part xcvp1202-vsva2785-2mp-e-s-es1 specified in board_part file is either invalid or not available
WARNING: [Board 49-26] cannot add Board Part xilinx.com:vpk120_es_revb:part0:1.0 available at D:/Xilinx/Vivado/2022.2/data/xhub/boards/XilinxBoardStore/boards/Xilinx/vpk120_revb/es/1.0/board.xml as part xcvp1202-vsva2785-2mp-e-s-es1 specified in board_part file is either invalid or not available
WARNING: [Board 49-26] cannot add Board Part xilinx.com:vpk180_es:part0:1.0 available at D:/Xilinx/Vivado/2022.2/data/xhub/boards/XilinxBoardStore/boards/Xilinx/vpk180/es/1.0/board.xml as part xcvp1802-lsvc4072-2mp-e-s-es1 specified in board_part file is either invalid or not available
WARNING: [Board 49-26] cannot add Board Part xilinx.com:zc706:part0:1.4 available at D:/Xilinx/Vivado/2022.2/data/xhub/boards/XilinxBoardStore/boards/Xilinx/zc706/1.4/board.xml as part xc7z045ffg900-2 specified in board_part file is either invalid or not available
WARNING: [Board 49-26] cannot add Board Part xilinx.com:zcu102:part0:3.3 available at D:/Xilinx/Vivado/2022.2/data/xhub/boards/XilinxBoardStore/boards/Xilinx/zcu102/3.3/board.xml as part xczu9eg-ffvb1156-2-e specified in board_part file is either invalid or not available
WARNING: [Board 49-26] cannot add Board Part xilinx.com:zcu102:part0:3.4 available at D:/Xilinx/Vivado/2022.2/data/xhub/boards/XilinxBoardStore/boards/Xilinx/zcu102/3.4/board.xml as part xczu9eg-ffvb1156-2-e specified in board_part file is either invalid or not available
WARNING: [Board 49-26] cannot add Board Part xilinx.com:zcu111:part0:1.2 available at D:/Xilinx/Vivado/2022.2/data/xhub/boards/XilinxBoardStore/boards/Xilinx/zcu111/1.2/board.xml as part xczu28dr-ffvg1517-2-e specified in board_part file is either invalid or not available
WARNING: [Board 49-26] cannot add Board Part xilinx.com:zcu111:part0:1.3 available at D:/Xilinx/Vivado/2022.2/data/xhub/boards/XilinxBoardStore/boards/Xilinx/zcu111/1.3/board.xml as part xczu28dr-ffvg1517-2-e specified in board_part file is either invalid or not available
WARNING: [Board 49-26] cannot add Board Part xilinx.com:zcu111:part0:1.4 available at D:/Xilinx/Vivado/2022.2/data/xhub/boards/XilinxBoardStore/boards/Xilinx/zcu111/1.4/board.xml as part xczu28dr-ffvg1517-2-e specified in board_part file is either invalid or not available
WARNING: [Board 49-26] cannot add Board Part xilinx.com:zcu1275:part0:1.0 available at D:/Xilinx/Vivado/2022.2/data/xhub/boards/XilinxBoardStore/boards/Xilinx/zcu1275/1.0/board.xml as part xczu29dr-ffvf1760-2-e specified in board_part file is either invalid or not available
WARNING: [Board 49-26] cannot add Board Part xilinx.com:zcu1285:part0:1.0 available at D:/Xilinx/Vivado/2022.2/data/xhub/boards/XilinxBoardStore/boards/Xilinx/zcu1285/1.0/board.xml as part xczu39dr-ffvf1760-2-i specified in board_part file is either invalid or not available
WARNING: [Board 49-26] cannot add Board Part xilinx.com:zcu208:part0:2.0 available at D:/Xilinx/Vivado/2022.2/data/xhub/boards/XilinxBoardStore/boards/Xilinx/zcu208/production/2.0/board.xml as part xczu48dr-fsvg1517-2-e specified in board_part file is either invalid or not available
WARNING: [Board 49-26] cannot add Board Part xilinx.com:zcu208ld:part0:2.0 available at D:/Xilinx/Vivado/2022.2/data/xhub/boards/XilinxBoardStore/boards/Xilinx/zcu208ld/production/2.0/board.xml as part xczu58dr-fsvg1517-2-i specified in board_part file is either invalid or not available
WARNING: [Board 49-26] cannot add Board Part xilinx.com:zcu216:part0:2.0 available at D:/Xilinx/Vivado/2022.2/data/xhub/boards/XilinxBoardStore/boards/Xilinx/zcu216/production/2.0/board.xml as part xczu49dr-ffvf1760-2-e specified in board_part file is either invalid or not available
WARNING: [Board 49-26] cannot add Board Part xilinx.com:zcu216ld:part0:2.0 available at D:/Xilinx/Vivado/2022.2/data/xhub/boards/XilinxBoardStore/boards/Xilinx/zcu216ld/production/2.0/board.xml as part xczu59dr-ffvf1760-2-i specified in board_part file is either invalid or not available
WARNING: [Board 49-26] cannot add Board Part xilinx.com:zcu670:part0:2.0 available at D:/Xilinx/Vivado/2022.2/data/xhub/boards/XilinxBoardStore/boards/Xilinx/zcu670/2.0/board.xml as part xczu67dr-fsve1156-2-i specified in board_part file is either invalid or not available
WARNING: [Board 49-26] cannot add Board Part xilinx.com:zcu670ld:part0:1.0 available at D:/Xilinx/Vivado/2022.2/data/xhub/boards/XilinxBoardStore/boards/Xilinx/zcu670ld/1.0/board.xml as part xczu57dr-fsve1156-2-i specified in board_part file is either invalid or not available
INFO: [filemgmt 56-3] Default IP Output Path : Could not find the directory 'C:/Users/douwe/Desktop/EE jaar 2/periode b/git/Prof-2B-Groep-5-VHDL/project_2.gen/sources_1'.
Scanning sources...
Finished scanning sources
INFO: [IP_Flow 19-234] Refreshing IP repositories
INFO: [IP_Flow 19-1704] No user IP repositories specified
INFO: [IP_Flow 19-2313] Loaded Vivado IP repository 'D:/Xilinx/Vivado/2022.2/data/ip'.
open_project: Time (s): cpu = 00:00:28 ; elapsed = 00:00:32 . Memory (MB): peak = 1100.926 ; gain = 330.461
update_compile_order -fileset sources_1
launch_runs synth_1 -jobs 2
[Mon Jan 30 13:39:13 2023] Launched synth_1...
Run output will be captured here: C:/Users/douwe/Desktop/EE jaar 2/periode b/git/Prof-2B-Groep-5-VHDL/project_2.runs/synth_1/runme.log
reset_run synth_1
launch_runs synth_1 -jobs 2
[Mon Jan 30 13:43:34 2023] Launched synth_1...
Run output will be captured here: C:/Users/douwe/Desktop/EE jaar 2/periode b/git/Prof-2B-Groep-5-VHDL/project_2.runs/synth_1/runme.log
reset_run synth_1
launch_runs synth_1 -jobs 2
[Mon Jan 30 13:46:50 2023] Launched synth_1...
Run output will be captured here: C:/Users/douwe/Desktop/EE jaar 2/periode b/git/Prof-2B-Groep-5-VHDL/project_2.runs/synth_1/runme.log
reset_run synth_1
launch_runs synth_1 -jobs 2
[Mon Jan 30 13:52:56 2023] Launched synth_1...
Run output will be captured here: C:/Users/douwe/Desktop/EE jaar 2/periode b/git/Prof-2B-Groep-5-VHDL/project_2.runs/synth_1/runme.log
reset_run synth_1
launch_runs synth_1 -jobs 2
[Mon Jan 30 13:57:36 2023] Launched synth_1...
Run output will be captured here: C:/Users/douwe/Desktop/EE jaar 2/periode b/git/Prof-2B-Groep-5-VHDL/project_2.runs/synth_1/runme.log
reset_run synth_1
WARNING: [Vivado 12-1017] Problems encountered:
1. PID not specified

launch_runs synth_1 -jobs 2
[Mon Jan 30 13:57:42 2023] Launched synth_1...
Run output will be captured here: C:/Users/douwe/Desktop/EE jaar 2/periode b/git/Prof-2B-Groep-5-VHDL/project_2.runs/synth_1/runme.log
launch_runs impl_1 -jobs 2
[Mon Jan 30 14:10:44 2023] Launched impl_1...
Run output will be captured here: C:/Users/douwe/Desktop/EE jaar 2/periode b/git/Prof-2B-Groep-5-VHDL/project_2.runs/impl_1/runme.log
launch_runs impl_1 -to_step write_bitstream -jobs 2
[Mon Jan 30 14:12:13 2023] Launched impl_1...
Run output will be captured here: C:/Users/douwe/Desktop/EE jaar 2/periode b/git/Prof-2B-Groep-5-VHDL/project_2.runs/impl_1/runme.log
open_hw_manager
connect_hw_server -allow_non_jtag
INFO: [Labtools 27-2285] Connecting to hw_server url TCP:localhost:3121
INFO: [Labtools 27-2222] Launching hw_server...
INFO: [Labtools 27-2221] Launch Output:

****** Xilinx hw_server v2022.2
  **** Build date : Oct 14 2022 at 05:18:10
    ** Copyright 1986-2022 Xilinx, Inc. All Rights Reserved.


INFO: [Labtools 27-3415] Connecting to cs_server url TCP:localhost:0
INFO: [Labtools 27-3417] Launching cs_server...
INFO: [Labtools 27-2221] Launch Output:


******** Xilinx cs_server v2022.2.0
  ****** Build date   : Oct 05 2022-01:25:37
    **** Build number : 2022.2.1664925937
      ** Copyright 2017-2023 Xilinx, Inc. All Rights Reserved.



connect_hw_server: Time (s): cpu = 00:00:01 ; elapsed = 00:00:09 . Memory (MB): peak = 1160.801 ; gain = 0.000
open_hw_target
INFO: [Labtoolstcl 44-466] Opening hw_target localhost:3121/xilinx_tcf/Digilent/210183ACA2F8A
open_hw_target: Time (s): cpu = 00:00:07 ; elapsed = 00:00:08 . Memory (MB): peak = 3333.074 ; gain = 2172.273
set_property PROGRAM.FILE {C:/Users/douwe/Desktop/EE jaar 2/periode b/git/Prof-2B-Groep-5-VHDL/project_2.runs/impl_1/RS232.bit} [get_hw_devices xc7a35t_0]
current_hw_device [get_hw_devices xc7a35t_0]
refresh_hw_device -update_hw_probes false [lindex [get_hw_devices xc7a35t_0] 0]
INFO: [Labtools 27-1434] Device xc7a35t (JTAG device index = 0) is programmed with a design that has no supported debug core(s) in it.
create_hw_cfgmem -hw_device [get_hw_devices xc7a35t_0] -mem_dev [lindex [get_cfgmem_parts {mx25l3273f-spi-x1_x2_x4}] 0]
set_property PROBES.FILE {} [get_hw_devices xc7a35t_0]
set_property FULL_PROBES.FILE {} [get_hw_devices xc7a35t_0]
set_property PROGRAM.FILE {C:/Users/douwe/Desktop/EE jaar 2/periode b/git/Prof-2B-Groep-5-VHDL/project_2.runs/impl_1/RS232.bit} [get_hw_devices xc7a35t_0]
program_hw_devices [get_hw_devices xc7a35t_0]
INFO: [Labtools 27-3164] End of startup status: HIGH
refresh_hw_device [lindex [get_hw_devices xc7a35t_0] 0]
INFO: [Labtools 27-1434] Device xc7a35t (JTAG device index = 0) is programmed with a design that has no supported debug core(s) in it.
reset_run synth_1
INFO: [Project 1-1161] Replacing file C:/Users/douwe/Desktop/EE jaar 2/periode b/git/Prof-2B-Groep-5-VHDL/project_2.srcs/utils_1/imports/synth_1/RS232.dcp with file C:/Users/douwe/Desktop/EE jaar 2/periode b/git/Prof-2B-Groep-5-VHDL/project_2.runs/synth_1/RS232.dcp
launch_runs impl_1 -to_step write_bitstream -jobs 2
[Mon Jan 30 14:29:32 2023] Launched synth_1...
Run output will be captured here: C:/Users/douwe/Desktop/EE jaar 2/periode b/git/Prof-2B-Groep-5-VHDL/project_2.runs/synth_1/runme.log
[Mon Jan 30 14:29:32 2023] Launched impl_1...
Run output will be captured here: C:/Users/douwe/Desktop/EE jaar 2/periode b/git/Prof-2B-Groep-5-VHDL/project_2.runs/impl_1/runme.log
reset_run synth_1
launch_runs impl_1 -to_step write_bitstream -jobs 2
[Mon Jan 30 14:42:36 2023] Launched synth_1...
Run output will be captured here: C:/Users/douwe/Desktop/EE jaar 2/periode b/git/Prof-2B-Groep-5-VHDL/project_2.runs/synth_1/runme.log
[Mon Jan 30 14:42:36 2023] Launched impl_1...
Run output will be captured here: C:/Users/douwe/Desktop/EE jaar 2/periode b/git/Prof-2B-Groep-5-VHDL/project_2.runs/impl_1/runme.log
reset_run synth_1
launch_runs impl_1 -to_step write_bitstream -jobs 2
[Mon Jan 30 15:02:03 2023] Launched synth_1...
Run output will be captured here: C:/Users/douwe/Desktop/EE jaar 2/periode b/git/Prof-2B-Groep-5-VHDL/project_2.runs/synth_1/runme.log
[Mon Jan 30 15:02:03 2023] Launched impl_1...
Run output will be captured here: C:/Users/douwe/Desktop/EE jaar 2/periode b/git/Prof-2B-Groep-5-VHDL/project_2.runs/impl_1/runme.log
reset_run synth_1
WARNING: [Vivado 12-1017] Problems encountered:
1. Failed to delete one or more files in run directory C:/Users/douwe/Desktop/EE jaar 2/periode b/git/Prof-2B-Groep-5-VHDL/project_2.runs/synth_1

launch_runs synth_1 -jobs 8
[Mon Jan 30 15:33:47 2023] Launched synth_1...
Run output will be captured here: C:/Users/douwe/Desktop/EE jaar 2/periode b/git/Prof-2B-Groep-5-VHDL/project_2.runs/synth_1/runme.log
reset_run synth_1
launch_runs impl_1 -to_step write_bitstream -jobs 8
[Mon Jan 30 16:02:25 2023] Launched synth_1...
Run output will be captured here: C:/Users/douwe/Desktop/EE jaar 2/periode b/git/Prof-2B-Groep-5-VHDL/project_2.runs/synth_1/runme.log
[Mon Jan 30 16:02:25 2023] Launched impl_1...
Run output will be captured here: C:/Users/douwe/Desktop/EE jaar 2/periode b/git/Prof-2B-Groep-5-VHDL/project_2.runs/impl_1/runme.log
reset_run synth_1
WARNING: [Vivado 12-1017] Problems encountered:
1. Failed to delete one or more files in run directory C:/Users/douwe/Desktop/EE jaar 2/periode b/git/Prof-2B-Groep-5-VHDL/project_2.runs/synth_1

launch_runs synth_1 -jobs 8
[Mon Jan 30 16:05:18 2023] Launched synth_1...
Run output will be captured here: C:/Users/douwe/Desktop/EE jaar 2/periode b/git/Prof-2B-Groep-5-VHDL/project_2.runs/synth_1/runme.log
reset_run synth_1
launch_runs synth_1 -jobs 8
[Mon Jan 30 16:08:07 2023] Launched synth_1...
Run output will be captured here: C:/Users/douwe/Desktop/EE jaar 2/periode b/git/Prof-2B-Groep-5-VHDL/project_2.runs/synth_1/runme.log
reset_run synth_1
WARNING: [Vivado 12-1017] Problems encountered:
1. Failed to delete one or more files in run directory C:/Users/douwe/Desktop/EE jaar 2/periode b/git/Prof-2B-Groep-5-VHDL/project_2.runs/synth_1

launch_runs synth_1 -jobs 8
[Mon Jan 30 16:09:29 2023] Launched synth_1...
Run output will be captured here: C:/Users/douwe/Desktop/EE jaar 2/periode b/git/Prof-2B-Groep-5-VHDL/project_2.runs/synth_1/runme.log
reset_run synth_1
launch_runs synth_1 -jobs 8
[Mon Jan 30 16:14:16 2023] Launched synth_1...
Run output will be captured here: C:/Users/douwe/Desktop/EE jaar 2/periode b/git/Prof-2B-Groep-5-VHDL/project_2.runs/synth_1/runme.log
reset_run synth_1
launch_runs synth_1 -jobs 8
[Mon Jan 30 16:24:09 2023] Launched synth_1...
Run output will be captured here: C:/Users/douwe/Desktop/EE jaar 2/periode b/git/Prof-2B-Groep-5-VHDL/project_2.runs/synth_1/runme.log
WARNING: [filemgmt 56-199] Attempt to get parsing info during refresh. "On-the-fly" syntax checking information may be incorrect. [C:\Users\douwe\Desktop\EE jaar 2\periode b\git\Prof-2B-Groep-5-VHDL\project_2.srcs\sources_1\new\VGAdriver.vhd:]
WARNING: [filemgmt 56-199] Attempt to get parsing info during refresh. "On-the-fly" syntax checking information may be incorrect. [C:\Users\douwe\Desktop\EE jaar 2\periode b\git\Prof-2B-Groep-5-VHDL\project_2.srcs\sources_1\new\RS232.vhd:]
set_property STEPS.SYNTH_DESIGN.ARGS.INCREMENTAL_MODE quick [get_runs synth_1]
reset_run synth_1
WARNING: [Vivado 12-1017] Problems encountered:
1. Failed to delete one or more files in run directory C:/Users/douwe/Desktop/EE jaar 2/periode b/git/Prof-2B-Groep-5-VHDL/project_2.runs/synth_1

launch_runs synth_1 -jobs 8
[Mon Jan 30 17:26:13 2023] Launched synth_1...
Run output will be captured here: C:/Users/douwe/Desktop/EE jaar 2/periode b/git/Prof-2B-Groep-5-VHDL/project_2.runs/synth_1/runme.log
reset_run synth_1
ERROR: [Labtoolstcl 44-513] HW Target shutdown. Closing target: localhost:3121/xilinx_tcf/Digilent/210183ACA2F8A
launch_runs synth_1 -jobs 8
[Tue Jan 31 10:50:06 2023] Launched synth_1...
Run output will be captured here: C:/Users/douwe/Desktop/EE jaar 2/periode b/git/Prof-2B-Groep-5-VHDL/project_2.runs/synth_1/runme.log
reset_run synth_1
WARNING: [Vivado 12-1017] Problems encountered:
1. Couldn't access process for termination

reset_runs: Time (s): cpu = 00:00:01 ; elapsed = 00:00:13 . Memory (MB): peak = 4128.609 ; gain = 0.000
ERROR: [Labtoolstcl 44-695] CS Server shut down, disconnecting from server: localhost:3121
launch_runs synth_1 -jobs 8
[Tue Jan 31 10:58:46 2023] Launched synth_1...
Run output will be captured here: C:/Users/douwe/Desktop/EE jaar 2/periode b/git/Prof-2B-Groep-5-VHDL/project_2.runs/synth_1/runme.log
reset_run synth_1
launch_runs synth_1 -jobs 8
[Tue Jan 31 11:01:27 2023] Launched synth_1...
Run output will be captured here: C:/Users/douwe/Desktop/EE jaar 2/periode b/git/Prof-2B-Groep-5-VHDL/project_2.runs/synth_1/runme.log
reset_run synth_1
WARNING: [Vivado 12-1017] Problems encountered:
1. Failed to delete one or more files in run directory C:/Users/douwe/Desktop/EE jaar 2/periode b/git/Prof-2B-Groep-5-VHDL/project_2.runs/synth_1

launch_runs synth_1 -jobs 8
[Tue Jan 31 11:11:45 2023] Launched synth_1...
Run output will be captured here: C:/Users/douwe/Desktop/EE jaar 2/periode b/git/Prof-2B-Groep-5-VHDL/project_2.runs/synth_1/runme.log
set_property STEPS.SYNTH_DESIGN.ARGS.INCREMENTAL_MODE default [get_runs synth_1]
reset_run synth_1
launch_runs synth_1 -jobs 8
[Tue Jan 31 11:24:51 2023] Launched synth_1...
Run output will be captured here: C:/Users/douwe/Desktop/EE jaar 2/periode b/git/Prof-2B-Groep-5-VHDL/project_2.runs/synth_1/runme.log
reset_run synth_1
WARNING: [Vivado 12-1017] Problems encountered:
1. Failed to delete one or more files in run directory C:/Users/douwe/Desktop/EE jaar 2/periode b/git/Prof-2B-Groep-5-VHDL/project_2.runs/synth_1

launch_runs synth_1 -jobs 8
[Tue Jan 31 11:25:45 2023] Launched synth_1...
Run output will be captured here: C:/Users/douwe/Desktop/EE jaar 2/periode b/git/Prof-2B-Groep-5-VHDL/project_2.runs/synth_1/runme.log
reset_run synth_1
launch_runs synth_1 -jobs 8
[Tue Jan 31 11:27:45 2023] Launched synth_1...
Run output will be captured here: C:/Users/douwe/Desktop/EE jaar 2/periode b/git/Prof-2B-Groep-5-VHDL/project_2.runs/synth_1/runme.log
reset_run synth_1
WARNING: [Vivado 12-1017] Problems encountered:
1. Failed to delete one or more files in run directory C:/Users/douwe/Desktop/EE jaar 2/periode b/git/Prof-2B-Groep-5-VHDL/project_2.runs/synth_1

exit
INFO: [Common 17-206] Exiting Vivado at Tue Jan 31 11:49:41 2023...
